<?xml version="1.0" encoding="UTF-8"?>
<testng-results ignored="0" total="2" passed="1" failed="1" skipped="0">
  <reporter-output>
  </reporter-output>
  <suite started-at="2020-03-23T13:36:57 ART" name="Hooks Tests" finished-at="2020-03-23T13:36:57 ART" duration-ms="37">
    <groups>
    </groups>
    <test started-at="2020-03-23T13:36:57 ART" name="Test suite" finished-at="2020-03-23T13:36:57 ART" duration-ms="37">
      <class name="com.fertavora.testing.tests.TestngHook">
        <test-method is-config="true" signature="beforeSuite()[pri:0, instance:com.fertavora.testing.tests.TestngHook@29ba4338]" started-at="2020-03-23T13:36:57 ART" name="beforeSuite" finished-at="2020-03-23T13:36:57 ART" duration-ms="8" status="PASS">
          <reporter-output>
          </reporter-output>
        </test-method> <!-- beforeSuite -->
        <test-method is-config="true" signature="beforeClass()[pri:0, instance:com.fertavora.testing.tests.TestngHook@29ba4338]" started-at="2020-03-23T13:36:57 ART" name="beforeClass" finished-at="2020-03-23T13:36:57 ART" duration-ms="1" status="PASS">
          <reporter-output>
          </reporter-output>
        </test-method> <!-- beforeClass -->
        <test-method is-config="true" signature="beforeMethod()[pri:0, instance:com.fertavora.testing.tests.TestngHook@29ba4338]" started-at="2020-03-23T13:36:57 ART" name="beforeMethod" finished-at="2020-03-23T13:36:57 ART" duration-ms="1" status="PASS">
          <reporter-output>
          </reporter-output>
        </test-method> <!-- beforeMethod -->
        <test-method signature="dummyTest()[pri:0, instance:com.fertavora.testing.tests.TestngHook@29ba4338]" started-at="2020-03-23T13:36:57 ART" name="dummyTest" description="This test case must pass." finished-at="2020-03-23T13:36:57 ART" duration-ms="2" status="PASS">
          <reporter-output>
          </reporter-output>
        </test-method> <!-- dummyTest -->
        <test-method is-config="true" signature="afterMethod()[pri:0, instance:com.fertavora.testing.tests.TestngHook@29ba4338]" started-at="2020-03-23T13:36:57 ART" name="afterMethod" finished-at="2020-03-23T13:36:57 ART" duration-ms="0" status="PASS">
          <reporter-output>
          </reporter-output>
        </test-method> <!-- afterMethod -->
        <test-method is-config="true" signature="beforeMethod()[pri:0, instance:com.fertavora.testing.tests.TestngHook@29ba4338]" started-at="2020-03-23T13:36:57 ART" name="beforeMethod" finished-at="2020-03-23T13:36:57 ART" duration-ms="0" status="PASS">
          <reporter-output>
          </reporter-output>
        </test-method> <!-- beforeMethod -->
        <test-method signature="failTest()[pri:0, instance:com.fertavora.testing.tests.TestngHook@29ba4338]" started-at="2020-03-23T13:36:57 ART" name="failTest" description="This test case must fail." finished-at="2020-03-23T13:36:57 ART" duration-ms="0" status="FAIL">
          <exception class="java.lang.AssertionError">
            <message>
              <![CDATA[I am the test that MUST fail. expected [true] but found [false]]]>
            </message>
            <full-stacktrace>
              <![CDATA[java.lang.AssertionError: I am the test that MUST fail. expected [true] but found [false]
at org.testng.Assert.fail(Assert.java:97)
at org.testng.Assert.assertEqualsImpl(Assert.java:136)
at org.testng.Assert.assertEquals(Assert.java:118)
at org.testng.Assert.assertEquals(Assert.java:751)
at com.fertavora.testing.tests.TestngHook.failTest(TestngHook.java:45)
at java.base/jdk.internal.reflect.NativeMethodAccessorImpl.invoke0(Native Method)
at java.base/jdk.internal.reflect.NativeMethodAccessorImpl.invoke(NativeMethodAccessorImpl.java:62)
at java.base/jdk.internal.reflect.DelegatingMethodAccessorImpl.invoke(DelegatingMethodAccessorImpl.java:43)
at java.base/java.lang.reflect.Method.invoke(Method.java:567)
at org.testng.internal.MethodInvocationHelper.invokeMethod(MethodInvocationHelper.java:134)
at org.testng.internal.TestInvoker.invokeMethod(TestInvoker.java:597)
at org.testng.internal.TestInvoker.invokeTestMethod(TestInvoker.java:173)
at org.testng.internal.MethodRunner.runInSequence(MethodRunner.java:46)
at org.testng.internal.TestInvoker$MethodInvocationAgent.invoke(TestInvoker.java:816)
at org.testng.internal.TestInvoker.invokeTestMethods(TestInvoker.java:146)
at org.testng.internal.TestMethodWorker.invokeTestMethods(TestMethodWorker.java:146)
at org.testng.internal.TestMethodWorker.run(TestMethodWorker.java:128)
at java.base/java.util.ArrayList.forEach(ArrayList.java:1507)
at org.testng.TestRunner.privateRun(TestRunner.java:766)
at org.testng.TestRunner.run(TestRunner.java:587)
at org.testng.SuiteRunner.runTest(SuiteRunner.java:384)
at org.testng.SuiteRunner.runSequentially(SuiteRunner.java:378)
at org.testng.SuiteRunner.privateRun(SuiteRunner.java:337)
at org.testng.SuiteRunner.run(SuiteRunner.java:286)
at org.testng.SuiteRunnerWorker.runSuite(SuiteRunnerWorker.java:53)
at org.testng.SuiteRunnerWorker.run(SuiteRunnerWorker.java:96)
at org.testng.TestNG.runSuitesSequentially(TestNG.java:1187)
at org.testng.TestNG.runSuitesLocally(TestNG.java:1109)
at org.testng.TestNG.runSuites(TestNG.java:1039)
at org.testng.TestNG.run(TestNG.java:1007)
at org.apache.maven.surefire.testng.TestNGExecutor.run(TestNGExecutor.java:283)
at org.apache.maven.surefire.testng.TestNGXmlTestSuite.execute(TestNGXmlTestSuite.java:75)
at org.apache.maven.surefire.testng.TestNGProvider.invoke(TestNGProvider.java:120)
at org.apache.maven.surefire.booter.ForkedBooter.invokeProviderInSameClassLoader(ForkedBooter.java:384)
at org.apache.maven.surefire.booter.ForkedBooter.runSuitesInProcess(ForkedBooter.java:345)
at org.apache.maven.surefire.booter.ForkedBooter.execute(ForkedBooter.java:126)
at org.apache.maven.surefire.booter.ForkedBooter.main(ForkedBooter.java:418)
]]>
            </full-stacktrace>
          </exception> <!-- java.lang.AssertionError -->
          <reporter-output>
          </reporter-output>
        </test-method> <!-- failTest -->
        <test-method is-config="true" signature="afterClass()[pri:0, instance:com.fertavora.testing.tests.TestngHook@29ba4338]" started-at="2020-03-23T13:36:57 ART" name="afterClass" finished-at="2020-03-23T13:36:57 ART" duration-ms="0" status="PASS">
          <reporter-output>
          </reporter-output>
        </test-method> <!-- afterClass -->
        <test-method is-config="true" signature="afterMethod()[pri:0, instance:com.fertavora.testing.tests.TestngHook@29ba4338]" started-at="2020-03-23T13:36:57 ART" name="afterMethod" finished-at="2020-03-23T13:36:57 ART" duration-ms="0" status="PASS">
          <reporter-output>
          </reporter-output>
        </test-method> <!-- afterMethod -->
        <test-method is-config="true" signature="afterSuite()[pri:0, instance:com.fertavora.testing.tests.TestngHook@29ba4338]" started-at="2020-03-23T13:36:57 ART" name="afterSuite" finished-at="2020-03-23T13:36:57 ART" duration-ms="1" status="PASS">
          <reporter-output>
          </reporter-output>
        </test-method> <!-- afterSuite -->
      </class> <!-- com.fertavora.testing.tests.TestngHook -->
    </test> <!-- Test suite -->
  </suite> <!-- Hooks Tests -->
</testng-results>
